# JRE version: OpenJDK Runtime Environment (11.0.10) (build 11.0.10+0-b96-7249189)
# Java VM: OpenJDK 64-Bit Server VM (11.0.10+0-b96-7249189, mixed mode, tiered, compressed oops, g1 gc, windows-amd64)
Heap:
 garbage-first heap   total 228352K, used 160478K [0x0000000080000000, 0x0000000100000000)
  region size 1024K, 58 young (59392K), 1 survivors (1024K)
 Metaspace       used 127064K, capacity 130289K, committed 132300K, reserved 1163264K
  class space    used 15523K, capacity 16709K, committed 17612K, reserved 1048576K
GC Heap History (20 events):
Event: 1153.211 GC heap before
{Heap before GC invocations=83 (full 0):
 garbage-first heap   total 228352K, used 127510K [0x0000000080000000, 0x0000000100000000)
  region size 1024K, 21 young (21504K), 2 survivors (2048K)
 Metaspace       used 126512K, capacity 129952K, committed 131532K, reserved 1163264K
  class space    used 15590K, capacity 16839K, committed 17612K, reserved 1048576K
}
Event: 1153.233 GC heap after
{Heap after GC invocations=84 (full 0):
 garbage-first heap   total 228352K, used 110177K [0x0000000080000000, 0x0000000100000000)
  region size 1024K, 3 young (3072K), 3 survivors (3072K)
 Metaspace       used 126512K, capacity 129952K, committed 131532K, reserved 1163264K
  class space    used 15590K, capacity 16839K, committed 17612K, reserved 1048576K
}
Event: 1155.392 GC heap before
{Heap before GC invocations=85 (full 0):
 garbage-first heap   total 228352K, used 174689K [0x0000000080000000, 0x0000000100000000)
  region size 1024K, 69 young (70656K), 3 survivors (3072K)
 Metaspace       used 126721K, capacity 130107K, committed 131532K, reserved 1163264K
  class space    used 15592K, capacity 16843K, committed 17612K, reserved 1048576K
}
Event: 1155.401 GC heap after
{Heap after GC invocations=86 (full 0):
 garbage-first heap   total 228352K, used 109099K [0x0000000080000000, 0x0000000100000000)
  region size 1024K, 4 young (4096K), 4 survivors (4096K)
 Metaspace       used 126721K, capacity 130107K, committed 131532K, reserved 1163264K
  class space    used 15592K, capacity 16843K, committed 17612K, reserved 1048576K
}
Event: 1155.500 GC heap before
{Heap before GC invocations=86 (full 0):
 garbage-first heap   total 228352K, used 116267K [0x0000000080000000, 0x0000000100000000)
  region size 1024K, 11 young (11264K), 4 survivors (4096K)
 Metaspace       used 126730K, capacity 130107K, committed 131532K, reserved 1163264K
  class space    used 15592K, capacity 16843K, committed 17612K, reserved 1048576K
}
Event: 1155.520 GC heap after
{Heap after GC invocations=87 (full 0):
 garbage-first heap   total 228352K, used 96910K [0x0000000080000000, 0x0000000100000000)
  region size 1024K, 1 young (1024K), 1 survivors (1024K)
 Metaspace       used 126730K, capacity 130107K, committed 131532K, reserved 1163264K
  class space    used 15592K, capacity 16843K, committed 17612K, reserved 1048576K
}
Event: 1155.577 GC heap before
{Heap before GC invocations=87 (full 0):
 garbage-first heap   total 228352K, used 102030K [0x0000000080000000, 0x0000000100000000)
  region size 1024K, 7 young (7168K), 1 survivors (1024K)
 Metaspace       used 126730K, capacity 130107K, committed 131532K, reserved 1163264K
  class space    used 15592K, capacity 16843K, committed 17612K, reserved 1048576K
}
Event: 1155.580 GC heap after
{Heap after GC invocations=88 (full 0):
 garbage-first heap   total 228352K, used 96915K [0x0000000080000000, 0x0000000100000000)
  region size 1024K, 1 young (1024K), 1 survivors (1024K)
 Metaspace       used 126730K, capacity 130107K, committed 131532K, reserved 1163264K
  class space    used 15592K, capacity 16843K, committed 17612K, reserved 1048576K
}
Event: 3173.665 GC heap before
{Heap before GC invocations=89 (full 0):
 garbage-first heap   total 228352K, used 192147K [0x0000000080000000, 0x0000000100000000)
  region size 1024K, 84 young (86016K), 1 survivors (1024K)
 Metaspace       used 127016K, capacity 130438K, committed 132044K, reserved 1163264K
  class space    used 15592K, capacity 16844K, committed 17612K, reserved 1048576K
}
Event: 3173.725 GC heap after
{Heap after GC invocations=90 (full 0):
 garbage-first heap   total 228352K, used 101510K [0x0000000080000000, 0x0000000100000000)
  region size 1024K, 5 young (5120K), 5 survivors (5120K)
 Metaspace       used 127016K, capacity 130438K, committed 132044K, reserved 1163264K
  class space    used 15592K, capacity 16844K, committed 17612K, reserved 1048576K
}
Event: 3174.182 GC heap before
{Heap before GC invocations=90 (full 0):
 garbage-first heap   total 228352K, used 109702K [0x0000000080000000, 0x0000000100000000)
  region size 1024K, 14 young (14336K), 5 survivors (5120K)
 Metaspace       used 127052K, capacity 130439K, committed 132044K, reserved 1163264K
  class space    used 15592K, capacity 16844K, committed 17612K, reserved 1048576K
}
Event: 3174.218 GC heap after
{Heap after GC invocations=91 (full 0):
 garbage-first heap   total 228352K, used 103016K [0x0000000080000000, 0x0000000100000000)
  region size 1024K, 7 young (7168K), 7 survivors (7168K)
 Metaspace       used 127052K, capacity 130439K, committed 132044K, reserved 1163264K
  class space    used 15592K, capacity 16844K, committed 17612K, reserved 1048576K
}
Event: 3175.874 GC heap before
{Heap before GC invocations=92 (full 0):
 garbage-first heap   total 228352K, used 159336K [0x0000000080000000, 0x0000000100000000)
  region size 1024K, 61 young (62464K), 7 survivors (7168K)
 Metaspace       used 126597K, capacity 129678K, committed 132044K, reserved 1163264K
  class space    used 15468K, capacity 16608K, committed 17612K, reserved 1048576K
}
Event: 3175.907 GC heap after
{Heap after GC invocations=93 (full 0):
 garbage-first heap   total 228352K, used 106604K [0x0000000080000000, 0x0000000100000000)
  region size 1024K, 4 young (4096K), 4 survivors (4096K)
 Metaspace       used 126597K, capacity 129678K, committed 132044K, reserved 1163264K
  class space    used 15468K, capacity 16608K, committed 17612K, reserved 1048576K
}
Event: 3175.965 GC heap before
{Heap before GC invocations=93 (full 0):
 garbage-first heap   total 228352K, used 112748K [0x0000000080000000, 0x0000000100000000)
  region size 1024K, 11 young (11264K), 4 survivors (4096K)
 Metaspace       used 126641K, capacity 129772K, committed 132044K, reserved 1163264K
  class space    used 15472K, capacity 16613K, committed 17612K, reserved 1048576K
}
Event: 3176.073 GC heap after
{Heap after GC invocations=94 (full 0):
 garbage-first heap   total 228352K, used 93876K [0x0000000080000000, 0x0000000100000000)
  region size 1024K, 1 young (1024K), 1 survivors (1024K)
 Metaspace       used 126641K, capacity 129772K, committed 132044K, reserved 1163264K
  class space    used 15472K, capacity 16613K, committed 17612K, reserved 1048576K
}
Event: 3176.254 GC heap before
{Heap before GC invocations=94 (full 0):
 garbage-first heap   total 228352K, used 104116K [0x0000000080000000, 0x0000000100000000)
  region size 1024K, 11 young (11264K), 1 survivors (1024K)
 Metaspace       used 126719K, capacity 129871K, committed 132044K, reserved 1163264K
  class space    used 15480K, capacity 16629K, committed 17612K, reserved 1048576K
}
Event: 3176.266 GC heap after
{Heap after GC invocations=95 (full 0):
 garbage-first heap   total 228352K, used 93673K [0x0000000080000000, 0x0000000100000000)
  region size 1024K, 1 young (1024K), 1 survivors (1024K)
 Metaspace       used 126719K, capacity 129871K, committed 132044K, reserved 1163264K
  class space    used 15480K, capacity 16629K, committed 17612K, reserved 1048576K
}
Event: 3176.384 GC heap before
{Heap before GC invocations=95 (full 0):
 garbage-first heap   total 228352K, used 103913K [0x0000000080000000, 0x0000000100000000)
  region size 1024K, 12 young (12288K), 1 survivors (1024K)
 Metaspace       used 126721K, capacity 129871K, committed 132044K, reserved 1163264K
  class space    used 15480K, capacity 16629K, committed 17612K, reserved 1048576K
}
Event: 3176.390 GC heap after
{Heap after GC invocations=96 (full 0):
 garbage-first heap   total 228352K, used 93918K [0x0000000080000000, 0x0000000100000000)
  region size 1024K, 1 young (1024K), 1 survivors (1024K)
 Metaspace       used 126721K, capacity 129871K, committed 132044K, reserved 1163264K
  class space    used 15480K, capacity 16629K, committed 17612K, reserved 1048576K
}

